[2025-03-31 15:16:28] ERROR: Error verifying SMTP connection: Missing credentials for "PLAIN"
[2025-03-31 23:11:44] ERROR: Error verifying SMTP connection: Missing credentials for "PLAIN"
[2025-03-31 23:46:10] ERROR: Error verifying SMTP connection: Missing credentials for "PLAIN"
[2025-04-01 00:02:03] ERROR: Error sending email: Missing credentials for "PLAIN"
[2025-04-01 00:02:03] ERROR: Error sending email: Missing credentials for "PLAIN"
[2025-04-01 00:02:04] ERROR: Error sending email: Missing credentials for "PLAIN"
[2025-04-01 00:02:05] ERROR: Error sending email: Missing credentials for "PLAIN"
[2025-04-01 00:02:06] ERROR: Error sending email: Missing credentials for "PLAIN"
[2025-04-01 00:02:07] ERROR: Error sending email: Missing credentials for "PLAIN"
[2025-04-01 00:02:07] ERROR: Error sending email: Missing credentials for "PLAIN"
[2025-04-01 00:02:08] ERROR: Error sending email: Missing credentials for "PLAIN"
[2025-04-01 00:02:08] ERROR: Error sending email: Missing credentials for "PLAIN"
[2025-04-01 00:36:09] ERROR: Error verifying SMTP connection: Missing credentials for "PLAIN"
[2025-04-01 00:49:58] ERROR: Error verifying SMTP connection: Missing credentials for "PLAIN"
[2025-04-01 01:01:14] ERROR: Error verifying SMTP connection: Missing credentials for "PLAIN"
[2025-04-01 01:02:02] ERROR: Error sending email: Missing credentials for "PLAIN"
[2025-04-01 01:02:03] ERROR: Error sending email: Missing credentials for "PLAIN"
[2025-04-01 01:02:03] ERROR: Error sending email: Missing credentials for "PLAIN"
[2025-04-01 01:02:04] ERROR: Error sending email: Missing credentials for "PLAIN"
[2025-04-01 01:02:05] ERROR: Error sending email: Missing credentials for "PLAIN"
[2025-04-01 01:02:06] ERROR: Error sending email: Missing credentials for "PLAIN"
[2025-04-01 01:02:07] ERROR: Error sending email: Missing credentials for "PLAIN"
[2025-04-01 01:02:07] ERROR: Error sending email: Missing credentials for "PLAIN"
[2025-04-01 01:02:08] ERROR: Error sending email: Missing credentials for "PLAIN"
[2025-04-01 01:02:09] ERROR: Error sending email: Missing credentials for "PLAIN"
[2025-04-01 01:02:10] ERROR: Error sending email: Missing credentials for "PLAIN"
[2025-04-01 01:02:10] ERROR: Error sending email: Missing credentials for "PLAIN"
[2025-04-01 01:02:11] ERROR: Error sending email: Missing credentials for "PLAIN"
[2025-04-01 01:02:12] ERROR: Error sending email: Missing credentials for "PLAIN"
[2025-04-01 12:22:08] ERROR: Error verifying SMTP connection: Missing credentials for "PLAIN"
[2025-04-01 13:02:02] ERROR: Error sending email: Missing credentials for "PLAIN"
[2025-04-01 13:02:03] ERROR: Error sending email: Missing credentials for "PLAIN"
[2025-04-01 13:02:04] ERROR: Error sending email: Missing credentials for "PLAIN"
[2025-04-01 13:02:05] ERROR: Error sending email: Missing credentials for "PLAIN"
[2025-04-01 13:02:05] ERROR: Error sending email: Missing credentials for "PLAIN"
[2025-04-01 13:02:06] ERROR: Error sending email: Missing credentials for "PLAIN"
[2025-04-01 13:02:07] ERROR: Error sending email: Missing credentials for "PLAIN"
[2025-04-01 13:02:08] ERROR: Error sending email: Missing credentials for "PLAIN"
[2025-04-01 13:02:09] ERROR: Error sending email: Missing credentials for "PLAIN"
[2025-04-01 13:02:10] ERROR: Error sending email: Missing credentials for "PLAIN"
[2025-04-01 13:02:10] ERROR: Error sending email: Missing credentials for "PLAIN"
[2025-04-01 13:02:11] ERROR: Error sending email: Missing credentials for "PLAIN"
[2025-04-01 13:02:12] ERROR: Error sending email: Missing credentials for "PLAIN"
[2025-04-01 13:02:13] ERROR: Error sending email: Missing credentials for "PLAIN"
[2025-04-01 13:08:38] ERROR: Error verifying SMTP connection: Missing credentials for "PLAIN"
[2025-04-01 13:19:02] ERROR: Error verifying SMTP connection: Missing credentials for "PLAIN"
[2025-04-01 13:46:56] ERROR: Error verifying SMTP connection: Missing credentials for "PLAIN"
[2025-04-01 13:54:47] ERROR: Error verifying SMTP connection: Missing credentials for "PLAIN"
[2025-04-01 14:05:00] ERROR: Error verifying SMTP connection: Missing credentials for "PLAIN"
[2025-04-01 15:00:49] ERROR: Error verifying SMTP connection: Missing credentials for "PLAIN"
[2025-04-01 15:03:40] ERROR: Error verifying SMTP connection: Missing credentials for "PLAIN"
[2025-04-01 15:05:13] ERROR: Error verifying SMTP connection: Missing credentials for "PLAIN"
[2025-04-01 15:05:17] ERROR: Error verifying SMTP connection: Missing credentials for "PLAIN"
[2025-04-01 15:33:47] ERROR: Error verifying SMTP connection: Missing credentials for "PLAIN"
[2025-04-01 15:42:58] ERROR: Error verifying SMTP connection: Missing credentials for "PLAIN"
[2025-04-01 17:07:32] ERROR: Error verifying SMTP connection: Missing credentials for "PLAIN"
[2025-04-01 17:10:08] ERROR: Error verifying SMTP connection: Missing credentials for "PLAIN"
[2025-04-01 17:24:14] ERROR: Error verifying SMTP connection: queryAaaa ETIMEOUT smtp.gmail.com
[2025-04-01 17:36:07] ERROR: Error verifying SMTP connection: Missing credentials for "PLAIN"
[2025-04-01 18:41:41] ERROR: Error verifying SMTP connection: Missing credentials for "PLAIN"
[2025-04-02 20:07:23] ERROR: Error verifying SMTP connection: Missing credentials for "PLAIN"
[2025-04-11 06:34:47] ERROR: Error verifying SMTP connection: Missing credentials for "PLAIN"
[2025-04-11 06:45:48] ERROR: Error sending email: Missing credentials for "PLAIN"
[2025-04-11 06:59:12] ERROR: Error verifying SMTP connection: Missing credentials for "PLAIN"
[2025-04-11 07:01:49] ERROR: Error verifying SMTP connection: Missing credentials for "PLAIN"
[2025-04-11 07:02:50] ERROR: Error verifying SMTP connection: Missing credentials for "PLAIN"
[2025-04-11 07:06:30] ERROR: Error verifying SMTP connection: Missing credentials for "PLAIN"
[2025-04-11 12:44:39] ERROR: Error sending email: Missing credentials for "PLAIN"
[2025-04-11 12:51:08] ERROR: Error sending email: Missing credentials for "PLAIN"
[2025-04-13 22:52:53] ERROR: Error sending email: Missing credentials for "PLAIN"
[2025-04-13 22:53:34] ERROR: Error verifying SMTP connection: Missing credentials for "PLAIN"
[2025-04-13 23:48:52] ERROR: Error verifying SMTP connection: Missing credentials for "PLAIN"
[2025-04-14 15:27:46] ERROR: Error verifying SMTP connection: getaddrinfo ENOTFOUND smtp.gmail.com
[2025-07-30 21:37:42] ERROR: Error verifying SMTP connection: Missing credentials for "PLAIN"
[2025-07-30 21:49:42] ERROR: Error verifying SMTP connection: connect EHOSTUNREACH 2a00:1450:400c:c1d::6d:465 - Local (:::52834)
[2025-07-30 22:26:24] ERROR: Error in signUp: Operation `users.findOne()` buffering timed out after 10000ms
[2025-07-30 22:26:42] ERROR: Error in signUp: Operation `users.findOne()` buffering timed out after 10000ms
[2025-08-05 01:42:01] ERROR: Error creating course: A course with the code 'CSC 104' already exists.
[2025-08-05 22:00:44] ERROR: Error verifying SMTP connection: connect ETIMEDOUT 173.194.219.109:465
[2025-08-05 22:07:34] ERROR: Error verifying SMTP connection: connect ETIMEDOUT 66.102.1.109:465
[2025-08-05 22:13:09] ERROR: Error verifying SMTP connection: connect ETIMEDOUT 66.102.1.109:465
[2025-08-05 22:14:42] ERROR: Error creating assignment: Only teachers can create assignments
[2025-08-05 22:19:48] ERROR: Error sending email: connect ETIMEDOUT 173.194.219.109:465
[2025-08-05 22:23:57] ERROR: Error sending email: connect ETIMEDOUT 173.194.219.109:465
[2025-08-05 22:27:39] ERROR: Error verifying SMTP connection: connect ETIMEDOUT 66.102.1.108:465
[2025-08-05 22:28:14] ERROR: Error sending email: connect ETIMEDOUT 66.102.1.108:465
[2025-08-05 22:31:05] ERROR: Error sending email: connect ETIMEDOUT 66.102.1.108:465
